r:\studies\3-year-2-semester\windows services\homeworks\perfgenvs\x64\debug\vc141.pdb
r:\studies\3-year-2-semester\windows services\homeworks\perfgenvs\x64\debug\vc141.idb
r:\studies\3-year-2-semester\windows services\homeworks\perfgenvs\x64\debug\perfutil.obj
r:\studies\3-year-2-semester\windows services\homeworks\perfgenvs\x64\debug\perfgen.obj
r:\studies\3-year-2-semester\windows services\homeworks\perfgenvs\x64\debug\datagen.obj
r:\studies\3-year-2-semester\windows services\homeworks\perfgenvs\x64\debug\perfgen.ilk
r:\studies\3-year-2-semester\windows services\homeworks\perfgenvs\x64\debug\perfgen.dll
r:\studies\3-year-2-semester\windows services\homeworks\perfgenvs\x64\debug\perfgen.pdb
r:\studies\3-year-2-semester\windows services\homeworks\perfgenvs\x64\debug\perfgen.lib
r:\studies\3-year-2-semester\windows services\homeworks\perfgenvs\x64\debug\perfgen.exp
r:\studies\3-year-2-semester\windows services\homeworks\perfgenvs\x64\debug\perfgen.res
r:\studies\3-year-2-semester\windows services\homeworks\perfgenvs\x64\debug\perfgen.tlog\cl.command.1.tlog
r:\studies\3-year-2-semester\windows services\homeworks\perfgenvs\x64\debug\perfgen.tlog\cl.read.1.tlog
r:\studies\3-year-2-semester\windows services\homeworks\perfgenvs\x64\debug\perfgen.tlog\cl.write.1.tlog
r:\studies\3-year-2-semester\windows services\homeworks\perfgenvs\x64\debug\perfgen.tlog\link.command.1.tlog
r:\studies\3-year-2-semester\windows services\homeworks\perfgenvs\x64\debug\perfgen.tlog\link.read.1.tlog
r:\studies\3-year-2-semester\windows services\homeworks\perfgenvs\x64\debug\perfgen.tlog\link.write.1.tlog
r:\studies\3-year-2-semester\windows services\homeworks\perfgenvs\x64\debug\perfgen.tlog\perfgen.write.1u.tlog
r:\studies\3-year-2-semester\windows services\homeworks\perfgenvs\x64\debug\perfgen.tlog\rc.command.1.tlog
r:\studies\3-year-2-semester\windows services\homeworks\perfgenvs\x64\debug\perfgen.tlog\rc.read.1.tlog
r:\studies\3-year-2-semester\windows services\homeworks\perfgenvs\x64\debug\perfgen.tlog\rc.write.1.tlog
